Using pre-set license
Built from '2021.1/release' branch; Version is '2021.1.10f1 (b15f561b2cef) revision 11624278'; Using compiler version '192528614'; Build Type 'Release'
OS: 'Windows 10 Pro; OS build 22000.469; Version 2009; 64bit' Language: 'en' Physical Memory: 15774 MB
BatchMode: 1, IsHumanControllingUs: 0, StartBugReporterOnCrash: 0, Is64bit: 1, IsPro: 0

 COMMAND LINE ARGUMENTS:
C:\Program Files\Unity\Hub\Editor\2021.1.10f1\Editor\Unity.exe
-adb2
-batchMode
-noUpm
-name
AssetImportWorker0
-projectPath
D:/Unity/2021/NewWaterShader
-logFile
Logs/AssetImportWorker0.log
-srvPort
60691
Successfully changed project path to: D:/Unity/2021/NewWaterShader
D:/Unity/2021/NewWaterShader
Using Asset Import Pipeline V2.
Refreshing native plugins compatible for Editor in 175.06 ms, found 6 plugins.
Preloading 0 native plugins for Editor in 0.00 ms.
Initialize engine version: 2021.1.10f1 (b15f561b2cef)
[Subsystems] Discovering subsystems at path C:/Program Files/Unity/Hub/Editor/2021.1.10f1/Editor/Data/Resources/UnitySubsystems
[Subsystems] Discovering subsystems at path D:/Unity/2021/NewWaterShader/Assets
GfxDevice: creating device client; threaded=0; jobified=0
Direct3D:
    Version:  Direct3D 11.0 [level 11.1]
    Renderer: NVIDIA GeForce RTX 3060 Laptop GPU (ID=0x2520)
    Vendor:   NVIDIA
    VRAM:     6023 MB
    Driver:   30.0.15.1123
Shader 'Universal Render Pipeline/Particles/Lit': fallback shader 'Universal Render Pipeline/Particles/SimpleLit' not found
Initialize mono
Mono path[0] = 'C:/Program Files/Unity/Hub/Editor/2021.1.10f1/Editor/Data/Managed'
Mono path[1] = 'C:/Program Files/Unity/Hub/Editor/2021.1.10f1/Editor/Data/MonoBleedingEdge/lib/mono/unityjit'
Mono config path = 'C:/Program Files/Unity/Hub/Editor/2021.1.10f1/Editor/Data/MonoBleedingEdge/etc'
Using monoOptions --debugger-agent=transport=dt_socket,embedding=1,server=y,suspend=n,address=127.0.0.1:56248
Begin MonoManager ReloadAssembly
Registering precompiled unity dll's ...
Register platform support module: C:/Program Files/Unity/Hub/Editor/2021.1.10f1/Editor/Data/PlaybackEngines/WindowsStandaloneSupport/UnityEditor.WindowsStandalone.Extensions.dll
Registered in 0.001920 seconds.
Native extension for WindowsStandalone target not found
Refreshing native plugins compatible for Editor in 166.07 ms, found 6 plugins.
Preloading 0 native plugins for Editor in 0.00 ms.
Mono: successfully reloaded assembly
- Completed reload, in  2.888 seconds
Domain Reload Profiling:
	ReloadAssembly (2889ms)
		BeginReloadAssembly (71ms)
			ExecutionOrderSort (0ms)
			DisableScriptedObjects (0ms)
			BackupInstance (0ms)
			ReleaseScriptingObjects (0ms)
			CreateAndSetChildDomain (1ms)
		EndReloadAssembly (716ms)
			LoadAssemblies (68ms)
			RebuildTransferFunctionScriptingTraits (0ms)
			SetupTypeCache (225ms)
			ReleaseScriptCaches (0ms)
			RebuildScriptCaches (40ms)
			SetupLoadedEditorAssemblies (383ms)
				LogAssemblyErrors (0ms)
				InitializePlatformSupportModulesInManaged (9ms)
				SetLoadedEditorAssemblies (0ms)
				RefreshPlugins (166ms)
				BeforeProcessingInitializeOnLoad (2ms)
				ProcessInitializeOnLoadAttributes (160ms)
				ProcessInitializeOnLoadMethodAttributes (45ms)
				AfterProcessingInitializeOnLoad (0ms)
				EditorAssembliesLoaded (0ms)
			ExecutionOrderSort2 (0ms)
			AwakeInstancesAfterBackupRestoration (0ms)
Platform modules already initialized, skipping
Registering precompiled user dll's ...
Registered in 0.006520 seconds.
Begin MonoManager ReloadAssembly
Symbol file LoadedFromMemory doesn't match image D:\Unity\2021\NewWaterShader\Library\PackageCache\com.unity.visualscripting@1.6.1\Editor\VisualScripting.Core\Dependencies\YamlDotNet\Unity.VisualScripting.YamlDotNet.dll
Symbol file LoadedFromMemory doesn't match image D:\Unity\2021\NewWaterShader\Library\PackageCache\com.unity.visualscripting@1.6.1\Editor\VisualScripting.Core\Dependencies\DotNetZip\Unity.VisualScripting.IonicZip.dll
Native extension for WindowsStandalone target not found
Refreshing native plugins compatible for Editor in 150.86 ms, found 6 plugins.
Preloading 0 native plugins for Editor in 0.00 ms.
Mono: successfully reloaded assembly
- Completed reload, in  1.734 seconds
Domain Reload Profiling:
	ReloadAssembly (1734ms)
		BeginReloadAssembly (181ms)
			ExecutionOrderSort (0ms)
			DisableScriptedObjects (5ms)
			BackupInstance (0ms)
			ReleaseScriptingObjects (0ms)
			CreateAndSetChildDomain (26ms)
		EndReloadAssembly (1472ms)
			LoadAssemblies (130ms)
			RebuildTransferFunctionScriptingTraits (0ms)
			SetupTypeCache (479ms)
			ReleaseScriptCaches (1ms)
			RebuildScriptCaches (98ms)
			SetupLoadedEditorAssemblies (646ms)
				LogAssemblyErrors (0ms)
				InitializePlatformSupportModulesInManaged (5ms)
				SetLoadedEditorAssemblies (0ms)
				RefreshPlugins (151ms)
				BeforeProcessingInitializeOnLoad (128ms)
				ProcessInitializeOnLoadAttributes (347ms)
				ProcessInitializeOnLoadMethodAttributes (7ms)
				AfterProcessingInitializeOnLoad (8ms)
				EditorAssembliesLoaded (0ms)
			ExecutionOrderSort2 (0ms)
			AwakeInstancesAfterBackupRestoration (10ms)
Platform modules already initialized, skipping
========================================================================
Worker process is ready to serve import requests
Shader 'Universal Render Pipeline/Particles/Lit': fallback shader 'Universal Render Pipeline/Particles/SimpleLit' not found
Launched and connected shader compiler UnityShaderCompiler.exe after 0.06 seconds
Refreshing native plugins compatible for Editor in 1.28 ms, found 6 plugins.
Preloading 0 native plugins for Editor in 0.00 ms.
Unloading 4726 Unused Serialized files (Serialized files now loaded: 0)
System memory in use before: 203.0 MB.
System memory in use after: 202.9 MB.

Unloading 32 unused Assets to reduce memory usage. Loaded Objects now: 5167.
Total: 6.107800 ms (FindLiveObjects: 0.445300 ms CreateObjectMapping: 0.206800 ms MarkObjects: 4.842400 ms  DeleteObjects: 0.611600 ms)

AssetImportParameters requested are different than current active one (requested -> active):
  custom:framework-win-MediaFoundation: 216162199b28c13a410421893ffa2e32 -> 
  custom:video-decoder-ogg-theora: a1e56fd34408186e4bbccfd4996cb3dc -> 
  custom:container-muxer-webm: aa71ff27fc2769a1b78a27578f13a17b -> 
  custom:container-demuxer-webm: 4f35f7cbe854078d1ac9338744f61a02 -> 
  custom:container-demuxer-ogg: 62fdf1f143b41e24485cea50d1cbac27 -> 
  custom:video-encoder-webm-vp8: eb34c28f22e8b96e1ab97ce403110664 -> 
  custom:video-decoder-webm-vp8: 9c59270c3fd7afecdb556c50c9e8de78 -> 
  custom:audio-decoder-ogg-vorbis: bf7c407c2cedff20999df2af8eb42d56 -> 
  custom:audio-encoder-webm-vorbis: bf7c407c2cedff20999df2af8eb42d56 -> 
========================================================================
Received Import Request.
  path: Assets/Island pack/Demo
  artifactKey: Guid(d0bc69330df40304b87de948abf990ee) Importer(815301076,1909f56bfc062723c751e8b465ee728b)
Start importing Assets/Island pack/Demo using Guid(d0bc69330df40304b87de948abf990ee) Importer(815301076,1909f56bfc062723c751e8b465ee728b)  -> (artifact id: '38438c824f47cf5ed30bdd9f3c78a436') in 0.010076 seconds 
========================================================================
Received Import Request.
  Time since last request: 106.740223 seconds.
  path: Assets/Island pack/texture
  artifactKey: Guid(900133e864eb631429e6d9130e87a5e2) Importer(815301076,1909f56bfc062723c751e8b465ee728b)
Start importing Assets/Island pack/texture using Guid(900133e864eb631429e6d9130e87a5e2) Importer(815301076,1909f56bfc062723c751e8b465ee728b)  -> (artifact id: '6c9d185cf5bb17c8c49b6ba338b41ea6') in 0.001908 seconds 
========================================================================
Received Import Request.
  Time since last request: 34.123252 seconds.
  path: Assets/DepthFadeBasic.shadersubgraph
  artifactKey: Guid(e0289dfa851381944821153e0c37e65f) Importer(815301076,1909f56bfc062723c751e8b465ee728b)
Start importing Assets/DepthFadeBasic.shadersubgraph using Guid(e0289dfa851381944821153e0c37e65f) Importer(815301076,1909f56bfc062723c751e8b465ee728b)  -> (artifact id: 'b04ae1b8176340cf1aaeb80c3b0d720d') in 0.041010 seconds 
========================================================================
Received Import Request.
  Time since last request: 1.867240 seconds.
  path: Assets/demo_01.unity
  artifactKey: Guid(218206e1fd9b56a488bd529c9f19f90f) Importer(815301076,1909f56bfc062723c751e8b465ee728b)
Start importing Assets/demo_01.unity using Guid(218206e1fd9b56a488bd529c9f19f90f) Importer(815301076,1909f56bfc062723c751e8b465ee728b)  -> (artifact id: '6e49deb140863a113066766d8a2d1f48') in 0.003178 seconds 
========================================================================
Received Prepare
Registering precompiled user dll's ...
Registered in 0.005950 seconds.
Begin MonoManager ReloadAssembly
Symbol file LoadedFromMemory doesn't match image D:\Unity\2021\NewWaterShader\Library\PackageCache\com.unity.visualscripting@1.6.1\Editor\VisualScripting.Core\Dependencies\YamlDotNet\Unity.VisualScripting.YamlDotNet.dll
Symbol file LoadedFromMemory doesn't match image D:\Unity\2021\NewWaterShader\Library\PackageCache\com.unity.visualscripting@1.6.1\Editor\VisualScripting.Core\Dependencies\DotNetZip\Unity.VisualScripting.IonicZip.dll
Native extension for WindowsStandalone target not found
Refreshing native plugins compatible for Editor in 1.03 ms, found 6 plugins.
Preloading 0 native plugins for Editor in 0.00 ms.
Mono: successfully reloaded assembly
- Completed reload, in  1.440 seconds
Domain Reload Profiling:
	ReloadAssembly (1441ms)
		BeginReloadAssembly (195ms)
			ExecutionOrderSort (0ms)
			DisableScriptedObjects (8ms)
			BackupInstance (0ms)
			ReleaseScriptingObjects (0ms)
			CreateAndSetChildDomain (62ms)
		EndReloadAssembly (1154ms)
			LoadAssemblies (135ms)
			RebuildTransferFunctionScriptingTraits (0ms)
			SetupTypeCache (478ms)
			ReleaseScriptCaches (2ms)
			RebuildScriptCaches (65ms)
			SetupLoadedEditorAssemblies (353ms)
				LogAssemblyErrors (0ms)
				InitializePlatformSupportModulesInManaged (6ms)
				SetLoadedEditorAssemblies (0ms)
				RefreshPlugins (1ms)
				BeforeProcessingInitializeOnLoad (70ms)
				ProcessInitializeOnLoadAttributes (259ms)
				ProcessInitializeOnLoadMethodAttributes (8ms)
				AfterProcessingInitializeOnLoad (8ms)
				EditorAssembliesLoaded (0ms)
			ExecutionOrderSort2 (0ms)
			AwakeInstancesAfterBackupRestoration (9ms)
Platform modules already initialized, skipping
Shader 'Universal Render Pipeline/Particles/Lit': fallback shader 'Universal Render Pipeline/Particles/SimpleLit' not found
Refreshing native plugins compatible for Editor in 0.96 ms, found 6 plugins.
Preloading 0 native plugins for Editor in 0.00 ms.
Unloading 4440 Unused Serialized files (Serialized files now loaded: 0)
System memory in use before: 183.9 MB.
System memory in use after: 184.2 MB.

Unloading 78 unused Assets to reduce memory usage. Loaded Objects now: 5117.
Total: 2.776800 ms (FindLiveObjects: 0.426000 ms CreateObjectMapping: 0.134400 ms MarkObjects: 2.180300 ms  DeleteObjects: 0.035100 ms)

AssetImportParameters requested are different than current active one (requested -> active):
  custom:framework-win-MediaFoundation: 216162199b28c13a410421893ffa2e32 -> 
  custom:video-decoder-ogg-theora: a1e56fd34408186e4bbccfd4996cb3dc -> 
  custom:container-muxer-webm: aa71ff27fc2769a1b78a27578f13a17b -> 
  custom:container-demuxer-webm: 4f35f7cbe854078d1ac9338744f61a02 -> 
  custom:container-demuxer-ogg: 62fdf1f143b41e24485cea50d1cbac27 -> 
  custom:video-encoder-webm-vp8: eb34c28f22e8b96e1ab97ce403110664 -> 
  custom:video-decoder-webm-vp8: 9c59270c3fd7afecdb556c50c9e8de78 -> 
  custom:audio-decoder-ogg-vorbis: bf7c407c2cedff20999df2af8eb42d56 -> 
  custom:audio-encoder-webm-vorbis: bf7c407c2cedff20999df2af8eb42d56 -> 
========================================================================
Received Import Request.
  Time since last request: 356.061478 seconds.
  path: Assets/texture/sky/Back.tif
  artifactKey: Guid(efac23f5e7ce944478230ee4b52011c2) Importer(815301076,1909f56bfc062723c751e8b465ee728b)
Start importing Assets/texture/sky/Back.tif using Guid(efac23f5e7ce944478230ee4b52011c2) Importer(815301076,1909f56bfc062723c751e8b465ee728b)  -> (artifact id: 'b79b9bfc5eb00dfa72ae0723ea42e448') in 0.104446 seconds 
========================================================================
Received Import Request.
  Time since last request: 0.000291 seconds.
  path: Assets/texture/Ground_02.tif
  artifactKey: Guid(a836d79e572eaaa4b970f5188ab2f82c) Importer(815301076,1909f56bfc062723c751e8b465ee728b)
Start importing Assets/texture/Ground_02.tif using Guid(a836d79e572eaaa4b970f5188ab2f82c) Importer(815301076,1909f56bfc062723c751e8b465ee728b)  -> (artifact id: '1cef6dd79de899caae4fa27e6acdaf97') in 0.013478 seconds 
========================================================================
Received Import Request.
  Time since last request: 0.000313 seconds.
  path: Assets/texture/PalmBark.tga
  artifactKey: Guid(22f6ff36bf1b47b4da3eeb852a432104) Importer(815301076,1909f56bfc062723c751e8b465ee728b)
Start importing Assets/texture/PalmBark.tga using Guid(22f6ff36bf1b47b4da3eeb852a432104) Importer(815301076,1909f56bfc062723c751e8b465ee728b)  -> (artifact id: '838006adaa7c5e6b4282cb8491be17a5') in 0.017933 seconds 
========================================================================
Received Import Request.
  Time since last request: 0.000330 seconds.
  path: Assets/New Terrain.asset
  artifactKey: Guid(7767bac7494c29544b13f3f32ad1c359) Importer(815301076,1909f56bfc062723c751e8b465ee728b)
Start importing Assets/New Terrain.asset using Guid(7767bac7494c29544b13f3f32ad1c359) Importer(815301076,1909f56bfc062723c751e8b465ee728b)  -> (artifact id: 'e45860973854d338de4c0e896216e905') in 0.021951 seconds 
========================================================================
Received Import Request.
  Time since last request: 0.000415 seconds.
  path: Assets/texture/sky/up.tif
  artifactKey: Guid(68ada0a76e4848c4a85b7186859a7a30) Importer(815301076,1909f56bfc062723c751e8b465ee728b)
Start importing Assets/texture/sky/up.tif using Guid(68ada0a76e4848c4a85b7186859a7a30) Importer(815301076,1909f56bfc062723c751e8b465ee728b)  -> (artifact id: '5a1995ff346ec07f3f84ccd470619a77') in 0.017201 seconds 
========================================================================
Received Import Request.
  Time since last request: 0.000426 seconds.
  path: Assets/texture/sky/Right.tif
  artifactKey: Guid(f23139ea53b73b74a926a83504be6536) Importer(815301076,1909f56bfc062723c751e8b465ee728b)
Start importing Assets/texture/sky/Right.tif using Guid(f23139ea53b73b74a926a83504be6536) Importer(815301076,1909f56bfc062723c751e8b465ee728b)  -> (artifact id: '8dc5376eff15204c740e4ed58aee77bf') in 0.012598 seconds 
========================================================================
Received Import Request.
  Time since last request: 0.000368 seconds.
  path: Assets/SeaFoam.png
  artifactKey: Guid(0aca19f34fce5fd4b8ae5336819bdedd) Importer(815301076,1909f56bfc062723c751e8b465ee728b)
Start importing Assets/SeaFoam.png using Guid(0aca19f34fce5fd4b8ae5336819bdedd) Importer(815301076,1909f56bfc062723c751e8b465ee728b)  -> (artifact id: '3c14bc6bb932801e733e1d165a8ae2ad') in 0.048803 seconds 
========================================================================
Received Import Request.
  Time since last request: 0.000271 seconds.
  path: Assets/texture/rock_albedo.tga
  artifactKey: Guid(b5edf04bf8b4c7348846f20e972f5156) Importer(815301076,1909f56bfc062723c751e8b465ee728b)
Start importing Assets/texture/rock_albedo.tga using Guid(b5edf04bf8b4c7348846f20e972f5156) Importer(815301076,1909f56bfc062723c751e8b465ee728b)  -> (artifact id: '4d2f7cc2ad8e8d2fa78be4a135a1d1a4') in 0.010463 seconds 
========================================================================
Received Import Request.
  Time since last request: 0.000355 seconds.
  path: Assets/texture/sky/Front.tif
  artifactKey: Guid(40448aad754288140b52b70f07f64194) Importer(815301076,1909f56bfc062723c751e8b465ee728b)
Start importing Assets/texture/sky/Front.tif using Guid(40448aad754288140b52b70f07f64194) Importer(815301076,1909f56bfc062723c751e8b465ee728b)  -> (artifact id: '7f669353eef30a04fc20eb35275facbb') in 0.011298 seconds 
========================================================================
Received Import Request.
  Time since last request: 0.000267 seconds.
  path: Assets/texture/sky/Down.tif
  artifactKey: Guid(3f1eb551b1b221c47aef5c4aa6811fdc) Importer(815301076,1909f56bfc062723c751e8b465ee728b)
Start importing Assets/texture/sky/Down.tif using Guid(3f1eb551b1b221c47aef5c4aa6811fdc) Importer(815301076,1909f56bfc062723c751e8b465ee728b)  -> (artifact id: 'b73f11d97b683c2bf5fdcb3d2db6c3b0') in 0.009558 seconds 
========================================================================
Received Import Request.
  Time since last request: 0.000313 seconds.
  path: Assets/texture/rock2_albedo.tga
  artifactKey: Guid(431277a71439b1e489a97a8355e7b5ac) Importer(815301076,1909f56bfc062723c751e8b465ee728b)
Start importing Assets/texture/rock2_albedo.tga using Guid(431277a71439b1e489a97a8355e7b5ac) Importer(815301076,1909f56bfc062723c751e8b465ee728b)  -> (artifact id: '65e2411cdbb9beecd2865b1edf51e19b') in 0.012024 seconds 
========================================================================
Received Import Request.
  Time since last request: 0.000284 seconds.
  path: Assets/FS000_Day_02.png
  artifactKey: Guid(88c467166db994146961f1ecc5fc214e) Importer(815301076,1909f56bfc062723c751e8b465ee728b)
Start importing Assets/FS000_Day_02.png using Guid(88c467166db994146961f1ecc5fc214e) Importer(815301076,1909f56bfc062723c751e8b465ee728b)  -> (artifact id: 'b8d903402c522b9b83b54dc7e9abad07') in 0.095945 seconds 
========================================================================
Received Import Request.
  Time since last request: 0.000275 seconds.
  path: Assets/texture/Ground_06.tif
  artifactKey: Guid(38e46b23ac6773246ae801834d239ba4) Importer(815301076,1909f56bfc062723c751e8b465ee728b)
Start importing Assets/texture/Ground_06.tif using Guid(38e46b23ac6773246ae801834d239ba4) Importer(815301076,1909f56bfc062723c751e8b465ee728b)  -> (artifact id: 'f87814b5a3f4320d433864d367052e40') in 0.009861 seconds 
========================================================================
Received Import Request.
  Time since last request: 0.000336 seconds.
  path: Assets/texture/rock_normals.tga
  artifactKey: Guid(66b533cc87f866d48964a8ecf3595c38) Importer(815301076,1909f56bfc062723c751e8b465ee728b)
Start importing Assets/texture/rock_normals.tga using Guid(66b533cc87f866d48964a8ecf3595c38) Importer(815301076,1909f56bfc062723c751e8b465ee728b)  -> (artifact id: 'af79257f6f76ece9db68e37146cd1250') in 0.023050 seconds 
========================================================================
Received Import Request.
  Time since last request: 0.000250 seconds.
  path: Assets/texture/Ground_03.tif
  artifactKey: Guid(33df8376379b9de48a17a9c9483a9d46) Importer(815301076,1909f56bfc062723c751e8b465ee728b)
Start importing Assets/texture/Ground_03.tif using Guid(33df8376379b9de48a17a9c9483a9d46) Importer(815301076,1909f56bfc062723c751e8b465ee728b)  -> (artifact id: 'a0dc4bc020e950c8eb72f4750e28f2fa') in 0.009756 seconds 
========================================================================
Received Import Request.
  Time since last request: 0.000293 seconds.
  path: Assets/texture/Ground_04.tif
  artifactKey: Guid(f95f8a2a0d19ea442b2dd99f704f282a) Importer(815301076,1909f56bfc062723c751e8b465ee728b)
Start importing Assets/texture/Ground_04.tif using Guid(f95f8a2a0d19ea442b2dd99f704f282a) Importer(815301076,1909f56bfc062723c751e8b465ee728b)  -> (artifact id: 'a393adfeadfa9d9949f05f50463ca498') in 0.008910 seconds 
========================================================================
Received Import Request.
  Time since last request: 0.000331 seconds.
  path: Assets/texture/color6.png
  artifactKey: Guid(816112a85ec78d94ba2282fcea68220d) Importer(815301076,1909f56bfc062723c751e8b465ee728b)
Start importing Assets/texture/color6.png using Guid(816112a85ec78d94ba2282fcea68220d) Importer(815301076,1909f56bfc062723c751e8b465ee728b)  -> (artifact id: '282e38d14191b1e5be4246fa88b8602c') in 0.007150 seconds 
========================================================================
Received Import Request.
  Time since last request: 0.000362 seconds.
  path: Assets/texture/rock2_normals.tga
  artifactKey: Guid(38ededd2d66bf2b499e7180060262878) Importer(815301076,1909f56bfc062723c751e8b465ee728b)
Start importing Assets/texture/rock2_normals.tga using Guid(38ededd2d66bf2b499e7180060262878) Importer(815301076,1909f56bfc062723c751e8b465ee728b)  -> (artifact id: 'b8e3caa544ee89f9cbdde449f76f1d69') in 0.012951 seconds 
========================================================================
Received Import Request.
  Time since last request: 0.000247 seconds.
  path: Assets/Normals 1.png
  artifactKey: Guid(a41da5f5671718b47bbc71e9ef691103) Importer(815301076,1909f56bfc062723c751e8b465ee728b)
Start importing Assets/Normals 1.png using Guid(a41da5f5671718b47bbc71e9ef691103) Importer(815301076,1909f56bfc062723c751e8b465ee728b)  -> (artifact id: 'd5aebfe17e9ffb3672534ef3b87493a6') in 0.009950 seconds 
========================================================================
Received Import Request.
  Time since last request: 0.000250 seconds.
  path: Assets/texture/tropical_leaves2.tif
  artifactKey: Guid(24dc712783afc9e4ea6cc716420ab8ad) Importer(815301076,1909f56bfc062723c751e8b465ee728b)
Start importing Assets/texture/tropical_leaves2.tif using Guid(24dc712783afc9e4ea6cc716420ab8ad) Importer(815301076,1909f56bfc062723c751e8b465ee728b)  -> (artifact id: 'f33eb54ae1f80f16bb0f3f33e5a40af0') in 0.014354 seconds 
========================================================================
Received Import Request.
  Time since last request: 0.000464 seconds.
  path: Assets/texture/Ground_01.tif
  artifactKey: Guid(58b37930f33207b4daab7f92bb2c8dc4) Importer(815301076,1909f56bfc062723c751e8b465ee728b)
Start importing Assets/texture/Ground_01.tif using Guid(58b37930f33207b4daab7f92bb2c8dc4) Importer(815301076,1909f56bfc062723c751e8b465ee728b)  -> (artifact id: '818b9200c74685fbea97111038ea55d1') in 0.009002 seconds 
========================================================================
Received Import Request.
  Time since last request: 0.000297 seconds.
  path: Assets/texture/sky/Left.tif
  artifactKey: Guid(84d6a53e01816524cb30cfc15ec19344) Importer(815301076,1909f56bfc062723c751e8b465ee728b)
Start importing Assets/texture/sky/Left.tif using Guid(84d6a53e01816524cb30cfc15ec19344) Importer(815301076,1909f56bfc062723c751e8b465ee728b)  -> (artifact id: '9e5a4ee8d202a8f092509630c8595c82') in 0.010205 seconds 
========================================================================
Received Import Request.
  Time since last request: 0.000280 seconds.
  path: Assets/texture/grass.tif
  artifactKey: Guid(69c8101835b701b4097ca74601b26584) Importer(815301076,1909f56bfc062723c751e8b465ee728b)
Start importing Assets/texture/grass.tif using Guid(69c8101835b701b4097ca74601b26584) Importer(815301076,1909f56bfc062723c751e8b465ee728b)  -> (artifact id: 'd162e71437075b2fd9966e46673f5121') in 0.008518 seconds 
========================================================================
Received Import Request.
  Time since last request: 312.679446 seconds.
  path: Assets
  artifactKey: Guid(00000000000000001000000000000000) Importer(815301076,1909f56bfc062723c751e8b465ee728b)
Start importing Assets using Guid(00000000000000001000000000000000) Importer(815301076,1909f56bfc062723c751e8b465ee728b)  -> (artifact id: '42d402b061de3733987d63b9cc3b64de') in 0.002017 seconds 
========================================================================
Received Import Request.
  Time since last request: 43.147728 seconds.
  path: Assets/New Terrain.asset
  artifactKey: Guid(7767bac7494c29544b13f3f32ad1c359) Importer(815301076,1909f56bfc062723c751e8b465ee728b)
Start importing Assets/New Terrain.asset using Guid(7767bac7494c29544b13f3f32ad1c359) Importer(815301076,1909f56bfc062723c751e8b465ee728b)  -> (artifact id: '6f64de31225c281415d218f3c903448f') in 0.017777 seconds 
========================================================================
Received Import Request.
  Time since last request: 24.084250 seconds.
  path: Assets/New Render Texture.renderTexture
  artifactKey: Guid(9b438d1da1dd0804597c0d515860b3a5) Importer(815301076,1909f56bfc062723c751e8b465ee728b)
Start importing Assets/New Render Texture.renderTexture using Guid(9b438d1da1dd0804597c0d515860b3a5) Importer(815301076,1909f56bfc062723c751e8b465ee728b)  -> (artifact id: 'dcf04d88c423fa16bbb78c652f8f1005') in 0.016530 seconds 
========================================================================
Received Prepare
Registering precompiled user dll's ...
Registered in 0.008972 seconds.
Begin MonoManager ReloadAssembly
Symbol file LoadedFromMemory doesn't match image D:\Unity\2021\NewWaterShader\Library\PackageCache\com.unity.visualscripting@1.6.1\Editor\VisualScripting.Core\Dependencies\YamlDotNet\Unity.VisualScripting.YamlDotNet.dll
Symbol file LoadedFromMemory doesn't match image D:\Unity\2021\NewWaterShader\Library\PackageCache\com.unity.visualscripting@1.6.1\Editor\VisualScripting.Core\Dependencies\DotNetZip\Unity.VisualScripting.IonicZip.dll
Native extension for WindowsStandalone target not found
Refreshing native plugins compatible for Editor in 1.10 ms, found 6 plugins.
Preloading 0 native plugins for Editor in 0.00 ms.
Mono: successfully reloaded assembly
- Completed reload, in  1.557 seconds
Domain Reload Profiling:
	ReloadAssembly (1557ms)
		BeginReloadAssembly (150ms)
			ExecutionOrderSort (0ms)
			DisableScriptedObjects (6ms)
			BackupInstance (0ms)
			ReleaseScriptingObjects (0ms)
			CreateAndSetChildDomain (58ms)
		EndReloadAssembly (1332ms)
			LoadAssemblies (118ms)
			RebuildTransferFunctionScriptingTraits (0ms)
			SetupTypeCache (460ms)
			ReleaseScriptCaches (2ms)
			RebuildScriptCaches (66ms)
			SetupLoadedEditorAssemblies (454ms)
				LogAssemblyErrors (0ms)
				InitializePlatformSupportModulesInManaged (7ms)
				SetLoadedEditorAssemblies (1ms)
				RefreshPlugins (1ms)
				BeforeProcessingInitializeOnLoad (88ms)
				ProcessInitializeOnLoadAttributes (343ms)
				ProcessInitializeOnLoadMethodAttributes (8ms)
				AfterProcessingInitializeOnLoad (6ms)
				EditorAssembliesLoaded (0ms)
			ExecutionOrderSort2 (0ms)
			AwakeInstancesAfterBackupRestoration (20ms)
Platform modules already initialized, skipping
Shader 'Universal Render Pipeline/Particles/Lit': fallback shader 'Universal Render Pipeline/Particles/SimpleLit' not found
Refreshing native plugins compatible for Editor in 1.16 ms, found 6 plugins.
Preloading 0 native plugins for Editor in 0.00 ms.
Unloading 4464 Unused Serialized files (Serialized files now loaded: 0)
System memory in use before: 248.6 MB.
System memory in use after: 248.9 MB.

Unloading 25 unused Assets to reduce memory usage. Loaded Objects now: 5534.
Total: 4.100000 ms (FindLiveObjects: 0.489500 ms CreateObjectMapping: 0.209800 ms MarkObjects: 3.374300 ms  DeleteObjects: 0.025500 ms)

AssetImportParameters requested are different than current active one (requested -> active):
  custom:framework-win-MediaFoundation: 216162199b28c13a410421893ffa2e32 -> 
  custom:video-decoder-ogg-theora: a1e56fd34408186e4bbccfd4996cb3dc -> 
  custom:container-muxer-webm: aa71ff27fc2769a1b78a27578f13a17b -> 
  custom:container-demuxer-webm: 4f35f7cbe854078d1ac9338744f61a02 -> 
  custom:container-demuxer-ogg: 62fdf1f143b41e24485cea50d1cbac27 -> 
  custom:video-encoder-webm-vp8: eb34c28f22e8b96e1ab97ce403110664 -> 
  custom:video-decoder-webm-vp8: 9c59270c3fd7afecdb556c50c9e8de78 -> 
  custom:audio-decoder-ogg-vorbis: bf7c407c2cedff20999df2af8eb42d56 -> 
  custom:audio-encoder-webm-vorbis: bf7c407c2cedff20999df2af8eb42d56 -> 
========================================================================
Received Prepare
Registering precompiled user dll's ...
Registered in 0.006235 seconds.
Begin MonoManager ReloadAssembly
Symbol file LoadedFromMemory doesn't match image D:\Unity\2021\NewWaterShader\Library\PackageCache\com.unity.visualscripting@1.6.1\Editor\VisualScripting.Core\Dependencies\YamlDotNet\Unity.VisualScripting.YamlDotNet.dll
Symbol file LoadedFromMemory doesn't match image D:\Unity\2021\NewWaterShader\Library\PackageCache\com.unity.visualscripting@1.6.1\Editor\VisualScripting.Core\Dependencies\DotNetZip\Unity.VisualScripting.IonicZip.dll
Native extension for WindowsStandalone target not found
Refreshing native plugins compatible for Editor in 1.11 ms, found 6 plugins.
Preloading 0 native plugins for Editor in 0.00 ms.
Mono: successfully reloaded assembly
- Completed reload, in  1.429 seconds
Domain Reload Profiling:
	ReloadAssembly (1430ms)
		BeginReloadAssembly (143ms)
			ExecutionOrderSort (0ms)
			DisableScriptedObjects (10ms)
			BackupInstance (0ms)
			ReleaseScriptingObjects (0ms)
			CreateAndSetChildDomain (47ms)
		EndReloadAssembly (1216ms)
			LoadAssemblies (107ms)
			RebuildTransferFunctionScriptingTraits (0ms)
			SetupTypeCache (463ms)
			ReleaseScriptCaches (2ms)
			RebuildScriptCaches (57ms)
			SetupLoadedEditorAssemblies (429ms)
				LogAssemblyErrors (0ms)
				InitializePlatformSupportModulesInManaged (7ms)
				SetLoadedEditorAssemblies (1ms)
				RefreshPlugins (1ms)
				BeforeProcessingInitializeOnLoad (88ms)
				ProcessInitializeOnLoadAttributes (318ms)
				ProcessInitializeOnLoadMethodAttributes (8ms)
				AfterProcessingInitializeOnLoad (6ms)
				EditorAssembliesLoaded (0ms)
			ExecutionOrderSort2 (0ms)
			AwakeInstancesAfterBackupRestoration (24ms)
Platform modules already initialized, skipping
Shader 'Universal Render Pipeline/Particles/Lit': fallback shader 'Universal Render Pipeline/Particles/SimpleLit' not found
Refreshing native plugins compatible for Editor in 1.22 ms, found 6 plugins.
Preloading 0 native plugins for Editor in 0.00 ms.
Unloading 4440 Unused Serialized files (Serialized files now loaded: 0)
System memory in use before: 247.9 MB.
System memory in use after: 248.2 MB.

Unloading 25 unused Assets to reduce memory usage. Loaded Objects now: 5537.
Total: 3.895900 ms (FindLiveObjects: 0.479100 ms CreateObjectMapping: 0.206600 ms MarkObjects: 3.178000 ms  DeleteObjects: 0.030700 ms)

AssetImportParameters requested are different than current active one (requested -> active):
  custom:framework-win-MediaFoundation: 216162199b28c13a410421893ffa2e32 -> 
  custom:video-decoder-ogg-theora: a1e56fd34408186e4bbccfd4996cb3dc -> 
  custom:container-muxer-webm: aa71ff27fc2769a1b78a27578f13a17b -> 
  custom:container-demuxer-webm: 4f35f7cbe854078d1ac9338744f61a02 -> 
  custom:container-demuxer-ogg: 62fdf1f143b41e24485cea50d1cbac27 -> 
  custom:video-encoder-webm-vp8: eb34c28f22e8b96e1ab97ce403110664 -> 
  custom:video-decoder-webm-vp8: 9c59270c3fd7afecdb556c50c9e8de78 -> 
  custom:audio-decoder-ogg-vorbis: bf7c407c2cedff20999df2af8eb42d56 -> 
  custom:audio-encoder-webm-vorbis: bf7c407c2cedff20999df2af8eb42d56 -> 
========================================================================
Received Import Request.
  Time since last request: 603.237965 seconds.
  path: Assets/texture/sky
  artifactKey: Guid(16fed44ebea1bc040b60393d6572e6c8) Importer(815301076,1909f56bfc062723c751e8b465ee728b)
Start importing Assets/texture/sky using Guid(16fed44ebea1bc040b60393d6572e6c8) Importer(815301076,1909f56bfc062723c751e8b465ee728b)  -> (artifact id: '2ccb8a4452c1e1bf4121bb1b65aeb798') in 0.011074 seconds 
========================================================================
Received Import Request.
  Time since last request: 90.596591 seconds.
  path: Assets/texture/Ground_02.tif
  artifactKey: Guid(a836d79e572eaaa4b970f5188ab2f82c) Importer(815301076,1909f56bfc062723c751e8b465ee728b)
Start importing Assets/texture/Ground_02.tif using Guid(a836d79e572eaaa4b970f5188ab2f82c) Importer(815301076,1909f56bfc062723c751e8b465ee728b)  -> (artifact id: 'c4ecb0526955c977c09647f5715dd255') in 0.088065 seconds 
========================================================================
Received Import Request.
  Time since last request: 10.931180 seconds.
  path: Assets/texture/Ground_04.tif
  artifactKey: Guid(f95f8a2a0d19ea442b2dd99f704f282a) Importer(815301076,1909f56bfc062723c751e8b465ee728b)
Start importing Assets/texture/Ground_04.tif using Guid(f95f8a2a0d19ea442b2dd99f704f282a) Importer(815301076,1909f56bfc062723c751e8b465ee728b)  -> (artifact id: '801c3cabcf7170ed0b2e1216b8c7ccad') in 0.008672 seconds 
========================================================================
Received Import Request.
  Time since last request: 6.316187 seconds.
  path: Assets/texture/Sand.tif
  artifactKey: Guid(58b37930f33207b4daab7f92bb2c8dc4) Importer(815301076,1909f56bfc062723c751e8b465ee728b)
Start importing Assets/texture/Sand.tif using Guid(58b37930f33207b4daab7f92bb2c8dc4) Importer(815301076,1909f56bfc062723c751e8b465ee728b)  -> (artifact id: '0b1892a9bc2dae6b7aebb4a5c7472e5e') in 0.011377 seconds 
========================================================================
Received Import Request.
  Time since last request: 14.532322 seconds.
  path: Assets/texture/Green.tif
  artifactKey: Guid(f95f8a2a0d19ea442b2dd99f704f282a) Importer(815301076,1909f56bfc062723c751e8b465ee728b)
Start importing Assets/texture/Green.tif using Guid(f95f8a2a0d19ea442b2dd99f704f282a) Importer(815301076,1909f56bfc062723c751e8b465ee728b)  -> (artifact id: 'bb77e6facb02038510da9408c2f41c18') in 0.009468 seconds 
========================================================================
Received Import Request.
  Time since last request: 7.511889 seconds.
  path: Assets/texture/Rock.tga
  artifactKey: Guid(b5edf04bf8b4c7348846f20e972f5156) Importer(815301076,1909f56bfc062723c751e8b465ee728b)
Start importing Assets/texture/Rock.tga using Guid(b5edf04bf8b4c7348846f20e972f5156) Importer(815301076,1909f56bfc062723c751e8b465ee728b)  -> (artifact id: '6be90f7feecc7d9878bc5b3bfb5213d7') in 0.011322 seconds 
========================================================================
Received Import Request.
  Time since last request: 233.173324 seconds.
  path: Assets/لإexture
  artifactKey: Guid(900133e864eb631429e6d9130e87a5e2) Importer(815301076,1909f56bfc062723c751e8b465ee728b)
Start importing Assets/لإexture using Guid(900133e864eb631429e6d9130e87a5e2) Importer(815301076,1909f56bfc062723c751e8b465ee728b)  -> (artifact id: '3bba5acf69edbef1a25ce3608782cdf2') in 0.004384 seconds 
========================================================================
Received Import Request.
  Time since last request: 5.355464 seconds.
  path: Assets/Texture
  artifactKey: Guid(900133e864eb631429e6d9130e87a5e2) Importer(815301076,1909f56bfc062723c751e8b465ee728b)
Start importing Assets/Texture using Guid(900133e864eb631429e6d9130e87a5e2) Importer(815301076,1909f56bfc062723c751e8b465ee728b)  -> (artifact id: '44223703303c726f6ba288b1acbec489') in 0.002366 seconds 
========================================================================
Received Import Request.
  Time since last request: 6.194552 seconds.
  path: Assets/TropicalScene.playable
  artifactKey: Guid(fad05b37d5e479e41abf61109a8c1837) Importer(815301076,1909f56bfc062723c751e8b465ee728b)
Start importing Assets/TropicalScene.playable using Guid(fad05b37d5e479e41abf61109a8c1837) Importer(815301076,1909f56bfc062723c751e8b465ee728b)  -> (artifact id: '862ae65875c97129c89b0eac1b074efe') in 0.020626 seconds 
========================================================================
Received Import Request.
  Time since last request: 6.685022 seconds.
  path: Assets/Materials
  artifactKey: Guid(3b08cd955b5122e40b3433bf9fb370a9) Importer(815301076,1909f56bfc062723c751e8b465ee728b)
Start importing Assets/Materials using Guid(3b08cd955b5122e40b3433bf9fb370a9) Importer(815301076,1909f56bfc062723c751e8b465ee728b)  -> (artifact id: 'e89e7fae249ec6530df2126c7b6086ba') in 0.002461 seconds 
========================================================================
Received Import Request.
  Time since last request: 12.524504 seconds.
  path: Assets/TextureMovment.shadersubgraph
  artifactKey: Guid(9520c2225f7a4d7469efc76d7cd66e3b) Importer(815301076,1909f56bfc062723c751e8b465ee728b)
Start importing Assets/TextureMovment.shadersubgraph using Guid(9520c2225f7a4d7469efc76d7cd66e3b) Importer(815301076,1909f56bfc062723c751e8b465ee728b)  -> (artifact id: '323d46d524c2efa8f813e2bb8d1c3815') in 0.005306 seconds 
========================================================================
Received Import Request.
  Time since last request: 41.391907 seconds.
  path: Assets/ReflectionFollow.cs
  artifactKey: Guid(191def59d7489794eae5889055e8942b) Importer(815301076,1909f56bfc062723c751e8b465ee728b)
Start importing Assets/ReflectionFollow.cs using Guid(191def59d7489794eae5889055e8942b) Importer(815301076,1909f56bfc062723c751e8b465ee728b)  -> (artifact id: '42e37f56361dfed2f20220f1ffc3b3b2') in 0.013502 seconds 
========================================================================
Received Prepare
Registering precompiled user dll's ...
Registered in 0.004833 seconds.
Begin MonoManager ReloadAssembly
Symbol file LoadedFromMemory doesn't match image D:\Unity\2021\NewWaterShader\Library\PackageCache\com.unity.visualscripting@1.6.1\Editor\VisualScripting.Core\Dependencies\YamlDotNet\Unity.VisualScripting.YamlDotNet.dll
Symbol file LoadedFromMemory doesn't match image D:\Unity\2021\NewWaterShader\Library\PackageCache\com.unity.visualscripting@1.6.1\Editor\VisualScripting.Core\Dependencies\DotNetZip\Unity.VisualScripting.IonicZip.dll
Native extension for WindowsStandalone target not found
Refreshing native plugins compatible for Editor in 1.88 ms, found 6 plugins.
Preloading 0 native plugins for Editor in 0.00 ms.
Mono: successfully reloaded assembly
- Completed reload, in  1.644 seconds
Domain Reload Profiling:
	ReloadAssembly (1645ms)
		BeginReloadAssembly (152ms)
			ExecutionOrderSort (0ms)
			DisableScriptedObjects (8ms)
			BackupInstance (0ms)
			ReleaseScriptingObjects (0ms)
			CreateAndSetChildDomain (52ms)
		EndReloadAssembly (1416ms)
			LoadAssemblies (121ms)
			RebuildTransferFunctionScriptingTraits (0ms)
			SetupTypeCache (583ms)
			ReleaseScriptCaches (2ms)
			RebuildScriptCaches (60ms)
			SetupLoadedEditorAssemblies (474ms)
				LogAssemblyErrors (0ms)
				InitializePlatformSupportModulesInManaged (7ms)
				SetLoadedEditorAssemblies (1ms)
				RefreshPlugins (2ms)
				BeforeProcessingInitializeOnLoad (108ms)
				ProcessInitializeOnLoadAttributes (336ms)
				ProcessInitializeOnLoadMethodAttributes (10ms)
				AfterProcessingInitializeOnLoad (10ms)
				EditorAssembliesLoaded (0ms)
			ExecutionOrderSort2 (0ms)
			AwakeInstancesAfterBackupRestoration (29ms)
Platform modules already initialized, skipping
Shader 'Universal Render Pipeline/Particles/Lit': fallback shader 'Universal Render Pipeline/Particles/SimpleLit' not found
Refreshing native plugins compatible for Editor in 1.15 ms, found 6 plugins.
Preloading 0 native plugins for Editor in 0.00 ms.
Unloading 4439 Unused Serialized files (Serialized files now loaded: 0)
System memory in use before: 250.0 MB.
System memory in use after: 250.3 MB.

Unloading 26 unused Assets to reduce memory usage. Loaded Objects now: 5609.
Total: 4.866200 ms (FindLiveObjects: 1.196800 ms CreateObjectMapping: 0.372900 ms MarkObjects: 3.252300 ms  DeleteObjects: 0.042500 ms)

AssetImportParameters requested are different than current active one (requested -> active):
  custom:framework-win-MediaFoundation: 216162199b28c13a410421893ffa2e32 -> 
  custom:video-decoder-ogg-theora: a1e56fd34408186e4bbccfd4996cb3dc -> 
  custom:container-muxer-webm: aa71ff27fc2769a1b78a27578f13a17b -> 
  custom:container-demuxer-webm: 4f35f7cbe854078d1ac9338744f61a02 -> 
  custom:container-demuxer-ogg: 62fdf1f143b41e24485cea50d1cbac27 -> 
  custom:video-encoder-webm-vp8: eb34c28f22e8b96e1ab97ce403110664 -> 
  custom:video-decoder-webm-vp8: 9c59270c3fd7afecdb556c50c9e8de78 -> 
  custom:audio-decoder-ogg-vorbis: bf7c407c2cedff20999df2af8eb42d56 -> 
  custom:audio-encoder-webm-vorbis: bf7c407c2cedff20999df2af8eb42d56 -> 
========================================================================
Received Import Request.
  Time since last request: 50.945194 seconds.
  path: Assets/Terrain
  artifactKey: Guid(12050850c1a16084ab004ee367310080) Importer(815301076,1909f56bfc062723c751e8b465ee728b)
Start importing Assets/Terrain using Guid(12050850c1a16084ab004ee367310080) Importer(815301076,1909f56bfc062723c751e8b465ee728b)  -> (artifact id: 'a71ec5e35829e79cce7bd90e724c1b5a') in 0.015919 seconds 
========================================================================
Received Import Request.
  Time since last request: 7.501506 seconds.
  path: Assets/Island.asset
  artifactKey: Guid(7767bac7494c29544b13f3f32ad1c359) Importer(815301076,1909f56bfc062723c751e8b465ee728b)
Start importing Assets/Island.asset using Guid(7767bac7494c29544b13f3f32ad1c359) Importer(815301076,1909f56bfc062723c751e8b465ee728b)  -> (artifact id: '6d67a0ae6fcc1db96680db82c70b0d3b') in 0.073511 seconds 
========================================================================
Received Import Request.
  Time since last request: 13.690610 seconds.
  path: Assets/Ref.shadergraph
  artifactKey: Guid(dfa91c9e4a796434c9b64cdc3dbe52f8) Importer(815301076,1909f56bfc062723c751e8b465ee728b)
Start importing Assets/Ref.shadergraph using Guid(dfa91c9e4a796434c9b64cdc3dbe52f8) Importer(815301076,1909f56bfc062723c751e8b465ee728b)  -> (artifact id: '2118b4772568e0f42503aaea5f0ca2a3') in 0.008980 seconds 
========================================================================
Received Import Request.
  Time since last request: 34.351943 seconds.
  path: Assets/Texture/Shaders
  artifactKey: Guid(09d5b445261c7f946aad5cf1f89ce2d3) Importer(815301076,1909f56bfc062723c751e8b465ee728b)
Start importing Assets/Texture/Shaders using Guid(09d5b445261c7f946aad5cf1f89ce2d3) Importer(815301076,1909f56bfc062723c751e8b465ee728b)  -> (artifact id: '6b5e8c699dacfc5548132b44b16a67e0') in 0.001770 seconds 
========================================================================
Received Import Request.
  Time since last request: 18.855162 seconds.
  path: Assets/Help.pdf
  artifactKey: Guid(f2b681bc29aeeca4fbcf9be6f0a9d572) Importer(815301076,1909f56bfc062723c751e8b465ee728b)
Start importing Assets/Help.pdf using Guid(f2b681bc29aeeca4fbcf9be6f0a9d572) Importer(815301076,1909f56bfc062723c751e8b465ee728b)  -> (artifact id: '31f25f2930c7e7c9bd2cf6b51bf8c61c') in 0.007052 seconds 
========================================================================
Received Import Request.
  Time since last request: 4.726798 seconds.
  path: Assets/Square Plane.fbx
  artifactKey: Guid(fb606524fcd88254ba3dad41413af47c) Importer(815301076,1909f56bfc062723c751e8b465ee728b)
Start importing Assets/Square Plane.fbx using Guid(fb606524fcd88254ba3dad41413af47c) Importer(815301076,1909f56bfc062723c751e8b465ee728b)  -> (artifact id: 'ed86c11877244f4911df8207da7c6db6') in 0.601608 seconds 
========================================================================
Received Import Request.
  Time since last request: 53.243969 seconds.
  path: Assets/Models
  artifactKey: Guid(a783c46d9dd789f45ba666326b94b992) Importer(815301076,1909f56bfc062723c751e8b465ee728b)
Start importing Assets/Models using Guid(a783c46d9dd789f45ba666326b94b992) Importer(815301076,1909f56bfc062723c751e8b465ee728b)  -> (artifact id: '132ce7955a1e0e1a3f3e7aa0272272c3') in 0.002132 seconds 
========================================================================
Received Import Request.
  Time since last request: 13.277799 seconds.
  path: Assets/Cutscene.playable
  artifactKey: Guid(ad469250d79a9ac4883c88a13d176355) Importer(815301076,1909f56bfc062723c751e8b465ee728b)
Start importing Assets/Cutscene.playable using Guid(ad469250d79a9ac4883c88a13d176355) Importer(815301076,1909f56bfc062723c751e8b465ee728b)  -> (artifact id: 'e2cbef219e99a5fc100f0ef6cfe70432') in 0.013880 seconds 
========================================================================
Received Import Request.
  Time since last request: 24.294215 seconds.
  path: Assets/CutScene.playable
  artifactKey: Guid(fad05b37d5e479e41abf61109a8c1837) Importer(815301076,1909f56bfc062723c751e8b465ee728b)
Start importing Assets/CutScene.playable using Guid(fad05b37d5e479e41abf61109a8c1837) Importer(815301076,1909f56bfc062723c751e8b465ee728b)  -> (artifact id: '6442c1205dbf38b9977849566ab584b6') in 0.007725 seconds 
========================================================================
Received Import Request.
  Time since last request: 60.538400 seconds.
  path: Assets/Scenes
  artifactKey: Guid(a335b02cd76403e4da5396ff63258071) Importer(815301076,1909f56bfc062723c751e8b465ee728b)
Start importing Assets/Scenes using Guid(a335b02cd76403e4da5396ff63258071) Importer(815301076,1909f56bfc062723c751e8b465ee728b)  -> (artifact id: '0c4661c53476e875114aefd4f40d822d') in 0.001904 seconds 
========================================================================
Received Import Request.
  Time since last request: 21.736659 seconds.
  path: Assets/StylizedWaterIsland.unity
  artifactKey: Guid(218206e1fd9b56a488bd529c9f19f90f) Importer(815301076,1909f56bfc062723c751e8b465ee728b)
Start importing Assets/StylizedWaterIsland.unity using Guid(218206e1fd9b56a488bd529c9f19f90f) Importer(815301076,1909f56bfc062723c751e8b465ee728b)  -> (artifact id: '65d738a0951e453f76e04e8ad736c09c') in 0.002872 seconds 
========================================================================
Received Import Request.
  Time since last request: 7.010421 seconds.
  path: Assets/StylizedWaterIsland.unity
  artifactKey: Guid(218206e1fd9b56a488bd529c9f19f90f) Importer(815301076,1909f56bfc062723c751e8b465ee728b)
Start importing Assets/StylizedWaterIsland.unity using Guid(218206e1fd9b56a488bd529c9f19f90f) Importer(815301076,1909f56bfc062723c751e8b465ee728b)  -> (artifact id: '1e8eff59de2955113201aa5f7c662d7f') in 0.002834 seconds 
========================================================================
Received Import Request.
  Time since last request: 13.571027 seconds.
  path: Assets/CutScene
  artifactKey: Guid(3e3b7a0feaf178643b59233334582d8c) Importer(815301076,1909f56bfc062723c751e8b465ee728b)
Start importing Assets/CutScene using Guid(3e3b7a0feaf178643b59233334582d8c) Importer(815301076,1909f56bfc062723c751e8b465ee728b)  -> (artifact id: '3a25eb7202a6089aa2edc76b00866841') in 0.001775 seconds 
========================================================================
Received Import Request.
  Time since last request: 82.241083 seconds.
  path: Assets/BinaryLunar
  artifactKey: Guid(baa99d57ce1081f4dad64ec2e0cc9b85) Importer(815301076,1909f56bfc062723c751e8b465ee728b)
Start importing Assets/BinaryLunar using Guid(baa99d57ce1081f4dad64ec2e0cc9b85) Importer(815301076,1909f56bfc062723c751e8b465ee728b)  -> (artifact id: '4cd1cd9f22c567a38432cb43e67bcf12') in 0.002006 seconds 
========================================================================
Received Import Request.
  Time since last request: 34.832677 seconds.
  path: Assets/BinaryLunar/CrystalClearStylizedWater
  artifactKey: Guid(6a40abc973f5a424cb75f8dee774e3c4) Importer(815301076,1909f56bfc062723c751e8b465ee728b)
Start importing Assets/BinaryLunar/CrystalClearStylizedWater using Guid(6a40abc973f5a424cb75f8dee774e3c4) Importer(815301076,1909f56bfc062723c751e8b465ee728b)  -> (artifact id: 'db369dfab22624d357f09c30273d120c') in 0.002116 seconds 
========================================================================
Received Prepare
Registering precompiled user dll's ...
Registered in 0.006136 seconds.
Begin MonoManager ReloadAssembly
Symbol file LoadedFromMemory doesn't match image D:\Unity\2021\NewWaterShader\Library\PackageCache\com.unity.visualscripting@1.6.1\Editor\VisualScripting.Core\Dependencies\YamlDotNet\Unity.VisualScripting.YamlDotNet.dll
Symbol file LoadedFromMemory doesn't match image D:\Unity\2021\NewWaterShader\Library\PackageCache\com.unity.visualscripting@1.6.1\Editor\VisualScripting.Core\Dependencies\DotNetZip\Unity.VisualScripting.IonicZip.dll
Native extension for WindowsStandalone target not found
Refreshing native plugins compatible for Editor in 1.87 ms, found 6 plugins.
Preloading 0 native plugins for Editor in 0.00 ms.
Mono: successfully reloaded assembly
- Completed reload, in  1.641 seconds
Domain Reload Profiling:
	ReloadAssembly (1642ms)
		BeginReloadAssembly (182ms)
			ExecutionOrderSort (0ms)
			DisableScriptedObjects (11ms)
			BackupInstance (0ms)
			ReleaseScriptingObjects (0ms)
			CreateAndSetChildDomain (51ms)
		EndReloadAssembly (1374ms)
			LoadAssemblies (131ms)
			RebuildTransferFunctionScriptingTraits (0ms)
			SetupTypeCache (529ms)
			ReleaseScriptCaches (2ms)
			RebuildScriptCaches (59ms)
			SetupLoadedEditorAssemblies (460ms)
				LogAssemblyErrors (0ms)
				InitializePlatformSupportModulesInManaged (6ms)
				SetLoadedEditorAssemblies (1ms)
				RefreshPlugins (2ms)
				BeforeProcessingInitializeOnLoad (99ms)
				ProcessInitializeOnLoadAttributes (339ms)
				ProcessInitializeOnLoadMethodAttributes (7ms)
				AfterProcessingInitializeOnLoad (6ms)
				EditorAssembliesLoaded (0ms)
			ExecutionOrderSort2 (0ms)
			AwakeInstancesAfterBackupRestoration (35ms)
Platform modules already initialized, skipping
Shader 'Universal Render Pipeline/Particles/Lit': fallback shader 'Universal Render Pipeline/Particles/SimpleLit' not found
Refreshing native plugins compatible for Editor in 1.13 ms, found 6 plugins.
Preloading 0 native plugins for Editor in 0.00 ms.
Unloading 4440 Unused Serialized files (Serialized files now loaded: 0)
System memory in use before: 254.6 MB.
System memory in use after: 255.0 MB.

Unloading 25 unused Assets to reduce memory usage. Loaded Objects now: 5681.
Total: 3.777600 ms (FindLiveObjects: 0.473400 ms CreateObjectMapping: 0.220000 ms MarkObjects: 3.057800 ms  DeleteObjects: 0.025300 ms)

AssetImportParameters requested are different than current active one (requested -> active):
  custom:framework-win-MediaFoundation: 216162199b28c13a410421893ffa2e32 -> 
  custom:video-decoder-ogg-theora: a1e56fd34408186e4bbccfd4996cb3dc -> 
  custom:container-muxer-webm: aa71ff27fc2769a1b78a27578f13a17b -> 
  custom:container-demuxer-webm: 4f35f7cbe854078d1ac9338744f61a02 -> 
  custom:container-demuxer-ogg: 62fdf1f143b41e24485cea50d1cbac27 -> 
  custom:video-encoder-webm-vp8: eb34c28f22e8b96e1ab97ce403110664 -> 
  custom:video-decoder-webm-vp8: 9c59270c3fd7afecdb556c50c9e8de78 -> 
  custom:audio-decoder-ogg-vorbis: bf7c407c2cedff20999df2af8eb42d56 -> 
  custom:audio-encoder-webm-vorbis: bf7c407c2cedff20999df2af8eb42d56 -> 
========================================================================
Received Prepare
Registering precompiled user dll's ...
Registered in 0.005906 seconds.
Begin MonoManager ReloadAssembly
Symbol file LoadedFromMemory doesn't match image D:\Unity\2021\NewWaterShader\Library\PackageCache\com.unity.visualscripting@1.6.1\Editor\VisualScripting.Core\Dependencies\YamlDotNet\Unity.VisualScripting.YamlDotNet.dll
Symbol file LoadedFromMemory doesn't match image D:\Unity\2021\NewWaterShader\Library\PackageCache\com.unity.visualscripting@1.6.1\Editor\VisualScripting.Core\Dependencies\DotNetZip\Unity.VisualScripting.IonicZip.dll
Native extension for WindowsStandalone target not found
Refreshing native plugins compatible for Editor in 1.12 ms, found 6 plugins.
Preloading 0 native plugins for Editor in 0.00 ms.
Mono: successfully reloaded assembly
- Completed reload, in  1.498 seconds
Domain Reload Profiling:
	ReloadAssembly (1499ms)
		BeginReloadAssembly (142ms)
			ExecutionOrderSort (0ms)
			DisableScriptedObjects (16ms)
			BackupInstance (0ms)
			ReleaseScriptingObjects (0ms)
			CreateAndSetChildDomain (44ms)
		EndReloadAssembly (1279ms)
			LoadAssemblies (109ms)
			RebuildTransferFunctionScriptingTraits (0ms)
			SetupTypeCache (465ms)
			ReleaseScriptCaches (3ms)
			RebuildScriptCaches (55ms)
			SetupLoadedEditorAssemblies (443ms)
				LogAssemblyErrors (0ms)
				InitializePlatformSupportModulesInManaged (6ms)
				SetLoadedEditorAssemblies (1ms)
				RefreshPlugins (1ms)
				BeforeProcessingInitializeOnLoad (92ms)
				ProcessInitializeOnLoadAttributes (330ms)
				ProcessInitializeOnLoadMethodAttributes (6ms)
				AfterProcessingInitializeOnLoad (6ms)
				EditorAssembliesLoaded (0ms)
			ExecutionOrderSort2 (0ms)
			AwakeInstancesAfterBackupRestoration (30ms)
Platform modules already initialized, skipping
Shader 'Universal Render Pipeline/Particles/Lit': fallback shader 'Universal Render Pipeline/Particles/SimpleLit' not found
Refreshing native plugins compatible for Editor in 1.02 ms, found 6 plugins.
Preloading 0 native plugins for Editor in 0.00 ms.
Unloading 4439 Unused Serialized files (Serialized files now loaded: 0)
System memory in use before: 254.6 MB.
System memory in use after: 255.1 MB.

Unloading 25 unused Assets to reduce memory usage. Loaded Objects now: 5684.
Total: 3.431300 ms (FindLiveObjects: 0.492300 ms CreateObjectMapping: 0.159500 ms MarkObjects: 2.751300 ms  DeleteObjects: 0.026600 ms)

AssetImportParameters requested are different than current active one (requested -> active):
  custom:framework-win-MediaFoundation: 216162199b28c13a410421893ffa2e32 -> 
  custom:video-decoder-ogg-theora: a1e56fd34408186e4bbccfd4996cb3dc -> 
  custom:container-muxer-webm: aa71ff27fc2769a1b78a27578f13a17b -> 
  custom:container-demuxer-webm: 4f35f7cbe854078d1ac9338744f61a02 -> 
  custom:container-demuxer-ogg: 62fdf1f143b41e24485cea50d1cbac27 -> 
  custom:video-encoder-webm-vp8: eb34c28f22e8b96e1ab97ce403110664 -> 
  custom:video-decoder-webm-vp8: 9c59270c3fd7afecdb556c50c9e8de78 -> 
  custom:audio-decoder-ogg-vorbis: bf7c407c2cedff20999df2af8eb42d56 -> 
  custom:audio-encoder-webm-vorbis: bf7c407c2cedff20999df2af8eb42d56 -> 
AssetImportWorkerClient::OnTransportError - code=2 error=End of file
